0 info it worked if it ends with ok
1 verbose cli [ '/usr/local/bin/node',
1 verbose cli   '/usr/local/lib/node_modules/cnpm/node_modules/.bin/npm',
1 verbose cli   '--userconfig=/Users/upupzealot/.cnpmrc',
1 verbose cli   '--disturl=https://npm.taobao.org/mirrors/node',
1 verbose cli   '--registry=https://registry.npm.taobao.org',
1 verbose cli   'run',
1 verbose cli   'build' ]
2 info using npm@3.10.10
3 info using node@v8.4.0
4 verbose run-script [ 'prebuild', 'build', 'postbuild' ]
5 info lifecycle idel@0.0.1~prebuild: idel@0.0.1
6 silly lifecycle idel@0.0.1~prebuild: no script for prebuild, continuing
7 info lifecycle idel@0.0.1~build: idel@0.0.1
8 verbose lifecycle idel@0.0.1~build: unsafe-perm in lifecycle true
9 verbose lifecycle idel@0.0.1~build: PATH: /usr/local/lib/node_modules/cnpm/node_modules/npm/bin/node-gyp-bin:/Users/upupzealot/Git/idel/node_modules/.bin:/usr/local/bin:/usr/bin:/bin:/usr/sbin:/sbin
10 verbose lifecycle idel@0.0.1~build: CWD: /Users/upupzealot/Git/idel
11 silly lifecycle idel@0.0.1~build: Args: [ '-c', 'webpack --watch' ]
12 silly lifecycle idel@0.0.1~build: Returned: code: 1  signal: null
13 info lifecycle idel@0.0.1~build: Failed to exec build script
14 verbose stack Error: idel@0.0.1 build: `webpack --watch`
14 verbose stack Exit status 1
14 verbose stack     at EventEmitter.<anonymous> (/usr/local/lib/node_modules/cnpm/node_modules/npm/lib/utils/lifecycle.js:255:16)
14 verbose stack     at emitTwo (events.js:125:13)
14 verbose stack     at EventEmitter.emit (events.js:213:7)
14 verbose stack     at ChildProcess.<anonymous> (/usr/local/lib/node_modules/cnpm/node_modules/npm/lib/utils/spawn.js:40:14)
14 verbose stack     at emitTwo (events.js:125:13)
14 verbose stack     at ChildProcess.emit (events.js:213:7)
14 verbose stack     at maybeClose (internal/child_process.js:927:16)
14 verbose stack     at Process.ChildProcess._handle.onexit (internal/child_process.js:211:5)
15 verbose pkgid idel@0.0.1
16 verbose cwd /Users/upupzealot/Git/idel
17 error Darwin 16.7.0
18 error argv "/usr/local/bin/node" "/usr/local/lib/node_modules/cnpm/node_modules/.bin/npm" "--userconfig=/Users/upupzealot/.cnpmrc" "--disturl=https://npm.taobao.org/mirrors/node" "--registry=https://registry.npm.taobao.org" "run" "build"
19 error node v8.4.0
20 error npm  v3.10.10
21 error code ELIFECYCLE
22 error idel@0.0.1 build: `webpack --watch`
22 error Exit status 1
23 error Failed at the idel@0.0.1 build script 'webpack --watch'.
23 error Make sure you have the latest version of node.js and npm installed.
23 error If you do, this is most likely a problem with the idel package,
23 error not with npm itself.
23 error Tell the author that this fails on your system:
23 error     webpack --watch
23 error You can get information on how to open an issue for this project with:
23 error     npm bugs idel
23 error Or if that isn't available, you can get their info via:
23 error     npm owner ls idel
23 error There is likely additional logging output above.
24 verbose exit [ 1, true ]
